<?xml version="1.0" encoding="UTF-8"?>
<testng-results skipped="0" failed="0" ignored="0" total="1" passed="1">
  <reporter-output>
  </reporter-output>
  <suite name="Default suite" duration-ms="76663" started-at="2020-06-20T20:09:18 IST" finished-at="2020-06-20T20:10:34 IST">
    <groups>
    </groups>
    <test name="Default test" duration-ms="76663" started-at="2020-06-20T20:09:18 IST" finished-at="2020-06-20T20:10:34 IST">
      <class name="Demo.Test1">
        <test-method status="PASS" signature="setUp()[pri:0, instance:Demo.Test1@458c1321]" name="setUp" is-config="true" duration-ms="9994" started-at="2020-06-20T20:09:18 IST" finished-at="2020-06-20T20:09:28 IST">
          <reporter-output>
          </reporter-output>
        </test-method> <!-- setUp -->
        <test-method status="PASS" signature="test1()[pri:0, instance:Demo.Test1@458c1321]" name="test1" duration-ms="64950" started-at="2020-06-20T20:09:28 IST" finished-at="2020-06-20T20:10:33 IST">
          <reporter-output>
          </reporter-output>
        </test-method> <!-- test1 -->
        <test-method status="PASS" signature="tearDown()[pri:0, instance:Demo.Test1@458c1321]" name="tearDown" is-config="true" duration-ms="1539" started-at="2020-06-20T20:10:33 IST" finished-at="2020-06-20T20:10:34 IST">
          <reporter-output>
          </reporter-output>
        </test-method> <!-- tearDown -->
      </class> <!-- Demo.Test1 -->
    </test> <!-- Default test -->
  </suite> <!-- Default suite -->
</testng-results>
